This is pdfTeX, Version 3.14159265-2.6-1.40.16 (TeX Live 2015/Debian) (preloaded format=latex 2017.8.22)  5 SEP 2017 16:09
entering extended mode
 restricted \write18 enabled.
 %&-line parsing enabled.
**main.tex
(./main.tex
LaTeX2e <2016/02/01>
Babel <3.9q> and hyphenation patterns for 3 language(s) loaded.
(./ufthesis.cls
Document Class: ufthesis 2002/09/20 v2.0c UF Thesis Class (Ron Smith)
(/usr/share/texlive/texmf-dist/tex/latex/base/ifthen.sty
Package: ifthen 2014/09/29 v1.1c Standard LaTeX ifthen package (DPC)
)
\c@RS@ptcnt=\count79

(/usr/share/texlive/texmf-dist/tex/latex/base/report.cls
Document Class: report 2014/09/29 v1.4h Standard LaTeX document class
(/usr/share/texlive/texmf-dist/tex/latex/base/size12.clo
File: size12.clo 2014/09/29 v1.4h Standard LaTeX file (size option)
)
\c@part=\count80
\c@chapter=\count81
\c@section=\count82
\c@subsection=\count83
\c@subsubsection=\count84
\c@paragraph=\count85
\c@subparagraph=\count86
\c@figure=\count87
\c@table=\count88
\abovecaptionskip=\skip41
\belowcaptionskip=\skip42
\bibindent=\dimen102
)
 
*****************************************
* Updating commands for Thesis Template *
*****************************************
(/usr/share/texlive/texmf-dist/tex/latex/setspace/setspace.sty
Package: setspace 2011/12/19 v6.7a set line spacing
)
(/usr/share/texlive/texmf-dist/tex/generic/ulem/ulem.sty
\UL@box=\box26
\UL@hyphenbox=\box27
\UL@skip=\skip43
\UL@hook=\toks14
\UL@height=\dimen103
\UL@pe=\count89
\UL@pixel=\dimen104
\ULC@box=\box28
Package: ulem 2012/05/18
\ULdepth=\dimen105
)
(/usr/share/texlive/texmf-dist/tex/latex/sectsty/sectsty.sty
Package: sectsty 2002/02/25 v2.0.2 Commands to change all sectional heading sty
les
)
(/usr/share/texlive/texmf-dist/tex/latex/ms/ragged2e.sty
Package: ragged2e 2009/05/21 v2.1 ragged2e Package (MS)

(/usr/share/texlive/texmf-dist/tex/latex/ms/everysel.sty
Package: everysel 2011/10/28 v1.2 EverySelectfont Package (MS)
)
\CenteringLeftskip=\skip44
\RaggedLeftLeftskip=\skip45
\RaggedRightLeftskip=\skip46
\CenteringRightskip=\skip47
\RaggedLeftRightskip=\skip48
\RaggedRightRightskip=\skip49
\CenteringParfillskip=\skip50
\RaggedLeftParfillskip=\skip51
\RaggedRightParfillskip=\skip52
\JustifyingParfillskip=\skip53
\CenteringParindent=\skip54
\RaggedLeftParindent=\skip55
\RaggedRightParindent=\skip56
\JustifyingParindent=\skip57
)
\c@RS@TmpCnt=\count90
\RS@TOChdent=\skip58
\RS@MyHeader=\skip59
\RS@NumPoints=\skip60
\RS@StartofHeader=\skip61
\RS@EndofFooter=\skip62
\RS@TempLength=\skip63
\UFdent=\skip64
\RS@chapnumwidth=\skip65
\RS@secindent=\skip66
\RS@secnumwidth=\skip67
\RS@subsecindent=\skip68
\RS@subsecnumwidth=\skip69
\RS@figindent=\skip70
\RS@fignumwidth=\skip71
\RS@tabindent=\skip72
\RS@tabnumwidth=\skip73
\abovefigcaptskip=\skip74
\belowfigcaptskip=\skip75
\abovetabcaptskip=\skip76
\belowtabcaptskip=\skip77

 
*****************************************
*  Finished with Thesis Template
*****************************************
 
)
\@input{packages.aux}
\openout2 = `packages.aux'.

(./packages.tex (/usr/share/texlive/texmf-dist/tex/latex/amsmath/amsmath.sty
Package: amsmath 2016/03/03 v2.15a AMS math features
\@mathmargin=\skip78

For additional information on amsmath, use the `?' option.
(/usr/share/texlive/texmf-dist/tex/latex/amsmath/amstext.sty
Package: amstext 2000/06/29 v2.01 AMS text

(/usr/share/texlive/texmf-dist/tex/latex/amsmath/amsgen.sty
File: amsgen.sty 1999/11/30 v2.0 generic functions
\@emptytoks=\toks15
\ex@=\dimen106
))
(/usr/share/texlive/texmf-dist/tex/latex/amsmath/amsbsy.sty
Package: amsbsy 1999/11/29 v1.2d Bold Symbols
\pmbraise@=\dimen107
)
(/usr/share/texlive/texmf-dist/tex/latex/amsmath/amsopn.sty
Package: amsopn 1999/12/14 v2.01 operator names
)
\inf@bad=\count91
LaTeX Info: Redefining \frac on input line 199.
\uproot@=\count92
\leftroot@=\count93
LaTeX Info: Redefining \overline on input line 297.
\classnum@=\count94
\DOTSCASE@=\count95
LaTeX Info: Redefining \ldots on input line 394.
LaTeX Info: Redefining \dots on input line 397.
LaTeX Info: Redefining \cdots on input line 518.
\Mathstrutbox@=\box29
\strutbox@=\box30
\big@size=\dimen108
LaTeX Font Info:    Redeclaring font encoding OML on input line 630.
LaTeX Font Info:    Redeclaring font encoding OMS on input line 631.
\macc@depth=\count96
\c@MaxMatrixCols=\count97
\dotsspace@=\muskip10
\c@parentequation=\count98
\dspbrk@lvl=\count99
\tag@help=\toks16
\row@=\count100
\column@=\count101
\maxfields@=\count102
\andhelp@=\toks17
\eqnshift@=\dimen109
\alignsep@=\dimen110
\tagshift@=\dimen111
\tagwidth@=\dimen112
\totwidth@=\dimen113
\lineht@=\dimen114
\@envbody=\toks18
\multlinegap=\skip79
\multlinetaggap=\skip80
\mathdisplay@stack=\toks19
LaTeX Info: Redefining \[ on input line 2735.
LaTeX Info: Redefining \] on input line 2736.
)
(/usr/share/texlive/texmf-dist/tex/latex/amscls/amsthm.sty
Package: amsthm 2015/03/04 v2.20.2
\thm@style=\toks20
\thm@bodyfont=\toks21
\thm@headfont=\toks22
\thm@notefont=\toks23
\thm@headpunct=\toks24
\thm@preskip=\skip81
\thm@postskip=\skip82
\thm@headsep=\skip83
\dth@everypar=\toks25
)
(/usr/share/texlive/texmf-dist/tex/latex/algorithmicx/algpseudocode.sty
Package: algpseudocode 

(/usr/share/texlive/texmf-dist/tex/latex/algorithmicx/algorithmicx.sty
Package: algorithmicx 2005/04/27 v1.2 Algorithmicx

Document Style algorithmicx 1.2 - a greatly improved `algorithmic' style
\c@ALG@line=\count103
\c@ALG@rem=\count104
\c@ALG@nested=\count105
\ALG@tlm=\skip84
\ALG@thistlm=\skip85
\c@ALG@Lnr=\count106
\c@ALG@blocknr=\count107
\c@ALG@storecount=\count108
\c@ALG@tmpcounter=\count109
\ALG@tmplength=\skip86
)
Document Style - pseudocode environments for use with the `algorithmicx' style
) (/usr/share/texlive/texmf-dist/tex/latex/tools/tabularx.sty
Package: tabularx 2014/10/28 v2.10 `tabularx' package (DPC)

(/usr/share/texlive/texmf-dist/tex/latex/tools/array.sty
Package: array 2014/10/28 v2.4c Tabular extension package (FMi)
\col@sep=\dimen115
\extrarowheight=\dimen116
\NC@list=\toks26
\extratabsurround=\skip87
\backup@length=\skip88
)
\TX@col@width=\dimen117
\TX@old@table=\dimen118
\TX@old@col=\dimen119
\TX@target=\dimen120
\TX@delta=\dimen121
\TX@cols=\count110
\TX@ftn=\toks27
)
(/usr/share/texlive/texmf-dist/tex/latex/url/url.sty
\Urlmuskip=\muskip11
Package: url 2013/09/16  ver 3.4  Verb mode for urls, etc.
)
(/usr/share/texlive/texmf-dist/tex/latex/graphics/lscape.sty
Package: lscape 2000/10/22 v3.01 Landscape Pages (DPC)

(/usr/share/texlive/texmf-dist/tex/latex/graphics/graphics.sty
Package: graphics 2016/01/03 v1.0q Standard LaTeX Graphics (DPC,SPQR)

(/usr/share/texlive/texmf-dist/tex/latex/graphics/trig.sty
Package: trig 2016/01/03 v1.10 sin cos tan (DPC)
)
(/usr/share/texlive/texmf-dist/tex/latex/latexconfig/graphics.cfg
File: graphics.cfg 2010/04/23 v1.9 graphics configuration of TeX Live
)
Package graphics Info: Driver file: pdftex.def on input line 95.

(/usr/share/texlive/texmf-dist/tex/latex/pdftex-def/pdftex.def
File: pdftex.def 2011/05/27 v0.06d Graphics/color for pdfTeX

(/usr/share/texlive/texmf-dist/tex/generic/oberdiek/infwarerr.sty
Package: infwarerr 2010/04/08 v1.3 Providing info/warning/error messages (HO)
)
(/usr/share/texlive/texmf-dist/tex/generic/oberdiek/ltxcmds.sty
Package: ltxcmds 2011/11/09 v1.22 LaTeX kernel commands for general use (HO)
)
\Gread@gobject=\count111
)))
(/usr/share/texlive/texmf-dist/tex/latex/tools/longtable.sty
Package: longtable 2014/10/28 v4.11 Multi-page Table package (DPC)
\LTleft=\skip89
\LTright=\skip90
\LTpre=\skip91
\LTpost=\skip92
\LTchunksize=\count112
\LTcapwidth=\dimen122
\LT@head=\box31
\LT@firsthead=\box32
\LT@foot=\box33
\LT@lastfoot=\box34
\LT@cols=\count113
\LT@rows=\count114
\c@LT@tables=\count115
\c@LT@chunks=\count116
\LT@p@ftn=\toks28
)
(/usr/share/texlive/texmf-dist/tex/latex/amsfonts/amsfonts.sty
Package: amsfonts 2013/01/14 v3.01 Basic AMSFonts support
\symAMSa=\mathgroup4
\symAMSb=\mathgroup5
LaTeX Font Info:    Overwriting math alphabet `\mathfrak' in version `bold'
(Font)                  U/euf/m/n --> U/euf/b/n on input line 106.
)
(/usr/share/texlive/texmf-dist/tex/latex/amsfonts/amssymb.sty
Package: amssymb 2013/01/14 v3.01 AMS font symbols
) (./sfmath.sty
Package: sfmath 2007/08/27 v0.8 sans serif maths
LaTeX Font Info:    Overwriting symbol font `operators' in version `normal'
(Font)                  OT1/cmr/m/n --> OT1/cmbr/m/n on input line 329.
LaTeX Font Info:    Overwriting symbol font `operators' in version `bold'
(Font)                  OT1/cmr/bx/n --> OT1/cmbr/bx/n on input line 330.
\symSFMath=\mathgroup6
LaTeX Font Info:    Overwriting symbol font `SFMath' in version `normal'
(Font)                  OT1/cmbr/m/sl --> OT1/cmbr/m/sl on input line 343.
LaTeX Font Info:    Overwriting symbol font `SFMath' in version `bold'
(Font)                  OT1/cmbr/m/sl --> OT1/cmbr/bx/n on input line 344.
LaTeX Font Info:    Redeclaring math symbol \imath on input line 398.
LaTeX Font Info:    Redeclaring math symbol \jmath on input line 399.
\symSFMathUp=\mathgroup7
LaTeX Font Info:    Overwriting symbol font `SFMathUp' in version `normal'
(Font)                  OT1/cmbr/m/n --> OT1/cmbr/m/n on input line 406.
LaTeX Font Info:    Overwriting symbol font `SFMathUp' in version `bold'
(Font)                  OT1/cmbr/m/n --> OT1/cmbr/bx/n on input line 407.
LaTeX Font Info:    Redeclaring math symbol \ldotp on input line 410.
\symSFMathGreek=\mathgroup8
LaTeX Font Info:    Overwriting symbol font `SFMathGreek' in version `normal'
(Font)                  OT1/cmbr/m/n --> OT1/cmbr/m/n on input line 419.
LaTeX Font Info:    Overwriting symbol font `SFMathGreek' in version `bold'
(Font)                  OT1/cmbr/m/n --> OT1/cmbr/bx/n on input line 420.
LaTeX Font Info:    Redeclaring math symbol \Gamma on input line 422.
LaTeX Font Info:    Redeclaring math symbol \Delta on input line 423.
LaTeX Font Info:    Redeclaring math symbol \Theta on input line 424.
LaTeX Font Info:    Redeclaring math symbol \Lambda on input line 425.
LaTeX Font Info:    Redeclaring math symbol \Xi on input line 426.
LaTeX Font Info:    Redeclaring math symbol \Pi on input line 427.
LaTeX Font Info:    Redeclaring math symbol \Sigma on input line 428.
LaTeX Font Info:    Redeclaring math symbol \Upsilon on input line 429.
LaTeX Font Info:    Redeclaring math symbol \Phi on input line 430.
LaTeX Font Info:    Redeclaring math symbol \Psi on input line 431.
LaTeX Font Info:    Redeclaring math symbol \Omega on input line 432.
\symSFMathUpGreek=\mathgroup9
LaTeX Font Info:    Overwriting symbol font `SFMathUpGreek' in version `normal'

(Font)                  OT1/cmbr/m/n --> OT1/cmbr/m/n on input line 436.
LaTeX Font Info:    Overwriting symbol font `SFMathUpGreek' in version `bold'
(Font)                  OT1/cmbr/m/n --> OT1/cmbr/bx/n on input line 437.
LaTeX Font Info:    Overwriting math alphabet `\mathnormal' in version `normal'

(Font)                  OML/cmm/m/it --> OT1/cmbr/m/sl on input line 446.
LaTeX Font Info:    Overwriting math alphabet `\mathnormal' in version `bold'
(Font)                  OML/cmm/b/it --> OT1/cmbr/bx/n on input line 447.
LaTeX Font Info:    Overwriting math alphabet `\mathrm' in version `normal'
(Font)                  OT1/cmbr/m/n --> OT1/cmbr/m/n on input line 449.
LaTeX Font Info:    Overwriting math alphabet `\mathrm' in version `bold'
(Font)                  OT1/cmbr/bx/n --> OT1/cmbr/bx/n on input line 450.
LaTeX Font Info:    Overwriting math alphabet `\mathbf' in version `normal'
(Font)                  OT1/cmr/bx/n --> OT1/cmbr/bx/n on input line 452.
LaTeX Font Info:    Overwriting math alphabet `\mathbf' in version `bold'
(Font)                  OT1/cmr/bx/n --> OT1/cmbr/bx/n on input line 453.
LaTeX Font Info:    Overwriting math alphabet `\mathit' in version `normal'
(Font)                  OT1/cmr/m/it --> OT1/cmbr/m/sl on input line 455.
LaTeX Font Info:    Overwriting math alphabet `\mathit' in version `bold'
(Font)                  OT1/cmr/bx/it --> OT1/cmbr/m/sl on input line 456.
LaTeX Font Info:    Overwriting math alphabet `\mathsf' in version `normal'
(Font)                  OT1/cmss/m/n --> OT1/cmbr/m/n on input line 458.
LaTeX Font Info:    Overwriting math alphabet `\mathsf' in version `bold'
(Font)                  OT1/cmss/bx/n --> OT1/cmbr/bx/n on input line 459.
LaTeX Font Info:    Overwriting math alphabet `\mathsl' in version `bold'
(Font)                  OT1/cmbr/m/sl --> OT1/cmbr/m/sl on input line 466.
)
(./subfigure.sty
Package: subfigure 2002/07/30 v2.1.4 subfigure package
\subfigtopskip=\skip93
\subfigcapskip=\skip94
\subfigcaptopadj=\dimen123
\subfigbottomskip=\skip95
\subfigcapmargin=\dimen124
\subfiglabelskip=\skip96
\c@subfigure=\count117
\c@lofdepth=\count118
\c@subtable=\count119
\c@lotdepth=\count120

****************************************
* Local config file subfigure.cfg used *
****************************************
(./subfigure.cfg)
\subfig@top=\skip97
\subfig@bottom=\skip98
) (./rotating.sty
Package: rotating 1997/09/26 v2.13 Rotation package

(/usr/share/texlive/texmf-dist/tex/latex/graphics/graphicx.sty
Package: graphicx 2014/10/28 v1.0g Enhanced LaTeX Graphics (DPC,SPQR)

(/usr/share/texlive/texmf-dist/tex/latex/graphics/keyval.sty
Package: keyval 2014/10/28 v1.15 key=value parser (DPC)
\KV@toks@=\toks29
)
\Gin@req@height=\dimen125
\Gin@req@width=\dimen126
)
\c@r@tfl@t=\count121
\rot@float@box=\box35
)
(/usr/share/texlive/texmf-dist/tex/latex/tools/calc.sty
Package: calc 2014/10/28 v4.3 Infix arithmetic (KKT,FJ)
\calc@Acount=\count122
\calc@Bcount=\count123
\calc@Adimen=\dimen127
\calc@Bdimen=\dimen128
\calc@Askip=\skip99
\calc@Bskip=\skip100
LaTeX Info: Redefining \setlength on input line 80.
LaTeX Info: Redefining \addtolength on input line 81.
\calc@Ccount=\count124
\calc@Cskip=\skip101
) (./ufenumerate.sty
Package: ufenumerate 2007/02/16 v1.00 UF enumerate with extensions
\@enLab=\toks30
)
(/usr/share/texlive/texmf-dist/tex/latex/base/latexsym.sty
Package: latexsym 1998/08/17 v2.2e Standard LaTeX package (lasy symbols)
\symlasy=\mathgroup10
LaTeX Font Info:    Overwriting symbol font `lasy' in version `bold'
(Font)                  U/lasy/m/n --> U/lasy/b/n on input line 52.
) (./epsfig.sty
Package: epsfig 1999/02/16 v1.7a (e)psfig emulation (SPQR)
\epsfxsize=\dimen129
\epsfysize=\dimen130
)
(/usr/share/texlive/texmf-dist/tex/latex/amsfonts/euscript.sty
Package: euscript 2009/06/22 v3.00 Euler Script fonts
LaTeX Font Info:    Overwriting math alphabet `\EuScript' in version `bold'
(Font)                  U/eus/m/n --> U/eus/b/n on input line 33.
) (./caption.sty
Package: caption 2007/04/16 v3.0q Customising captions (AR)

(./caption3.sty
Package: caption3 2007/04/11 v3.0q caption3 kernel (AR)
\captionmargin=\dimen131
\captionmargin@=\dimen132
\captionwidth=\dimen133
\captionindent=\dimen134
\captionparindent=\dimen135
\captionhangindent=\dimen136
)) (/usr/share/texlive/texmf-dist/tex/latex/natbib/natbib.sty
Package: natbib 2010/09/13 8.31b (PWD, AO)
\bibhang=\skip102
\bibsep=\skip103
LaTeX Info: Redefining \cite on input line 694.
\c@NAT@ctr=\count125

Local config file natbib.cfg used
(./natbib.cfg)) (/usr/share/texlive/texmf-dist/tex/latex/hyperref/hyperref.sty
Package: hyperref 2012/11/06 v6.83m Hypertext links for LaTeX

(/usr/share/texlive/texmf-dist/tex/generic/oberdiek/hobsub-hyperref.sty
Package: hobsub-hyperref 2012/05/28 v1.13 Bundle oberdiek, subset hyperref (HO)


(/usr/share/texlive/texmf-dist/tex/generic/oberdiek/hobsub-generic.sty
Package: hobsub-generic 2012/05/28 v1.13 Bundle oberdiek, subset generic (HO)
Package: hobsub 2012/05/28 v1.13 Construct package bundles (HO)
Package hobsub Info: Skipping package `infwarerr' (already loaded).
Package hobsub Info: Skipping package `ltxcmds' (already loaded).
Package: ifluatex 2010/03/01 v1.3 Provides the ifluatex switch (HO)
Package ifluatex Info: LuaTeX not detected.
Package: ifvtex 2010/03/01 v1.5 Detect VTeX and its facilities (HO)
Package ifvtex Info: VTeX not detected.
Package: intcalc 2007/09/27 v1.1 Expandable calculations with integers (HO)
Package: ifpdf 2011/01/30 v2.3 Provides the ifpdf switch (HO)
Package ifpdf Info: pdfTeX in PDF mode is detected.
Package: etexcmds 2011/02/16 v1.5 Avoid name clashes with e-TeX commands (HO)
Package etexcmds Info: Could not find \expanded.
(etexcmds)             That can mean that you are not using pdfTeX 1.50 or
(etexcmds)             that some package has redefined \expanded.
(etexcmds)             In the latter case, load this package earlier.
Package: kvsetkeys 2012/04/25 v1.16 Key value parser (HO)
Package: kvdefinekeys 2011/04/07 v1.3 Define keys (HO)
Package: pdftexcmds 2011/11/29 v0.20 Utility functions of pdfTeX for LuaTeX (HO
)
Package pdftexcmds Info: LuaTeX not detected.
Package pdftexcmds Info: \pdf@primitive is available.
Package pdftexcmds Info: \pdf@ifprimitive is available.
Package pdftexcmds Info: \pdfdraftmode found.
Package: pdfescape 2011/11/25 v1.13 Implements pdfTeX's escape features (HO)
Package: bigintcalc 2012/04/08 v1.3 Expandable calculations on big integers (HO
)
Package: bitset 2011/01/30 v1.1 Handle bit-vector datatype (HO)
Package: uniquecounter 2011/01/30 v1.2 Provide unlimited unique counter (HO)
)
Package hobsub Info: Skipping package `hobsub' (already loaded).
Package: letltxmacro 2010/09/02 v1.4 Let assignment for LaTeX macros (HO)
Package: hopatch 2012/05/28 v1.2 Wrapper for package hooks (HO)
Package: xcolor-patch 2011/01/30 xcolor patch
Package: atveryend 2011/06/30 v1.8 Hooks at the very end of document (HO)
Package atveryend Info: \enddocument detected (standard20110627).
Package: atbegshi 2011/10/05 v1.16 At begin shipout hook (HO)
Package: refcount 2011/10/16 v3.4 Data extraction from label references (HO)
Package: hycolor 2011/01/30 v1.7 Color options for hyperref/bookmark (HO)
)
(/usr/share/texlive/texmf-dist/tex/generic/ifxetex/ifxetex.sty
Package: ifxetex 2010/09/12 v0.6 Provides ifxetex conditional
)
(/usr/share/texlive/texmf-dist/tex/latex/oberdiek/auxhook.sty
Package: auxhook 2011/03/04 v1.3 Hooks for auxiliary files (HO)
)
(/usr/share/texlive/texmf-dist/tex/latex/oberdiek/kvoptions.sty
Package: kvoptions 2011/06/30 v3.11 Key value format for package options (HO)
)
\@linkdim=\dimen137
\Hy@linkcounter=\count126
\Hy@pagecounter=\count127

(/usr/share/texlive/texmf-dist/tex/latex/hyperref/pd1enc.def
File: pd1enc.def 2012/11/06 v6.83m Hyperref: PDFDocEncoding definition (HO)
)
\Hy@SavedSpaceFactor=\count128

(/usr/share/texlive/texmf-dist/tex/latex/latexconfig/hyperref.cfg
File: hyperref.cfg 2002/06/06 v1.2 hyperref configuration of TeXLive
)
Package hyperref Info: Option `final' set `true' on input line 4319.
Package hyperref Info: Option `hyperfootnotes' set `false' on input line 4319.
Package hyperref Info: Hyper figures OFF on input line 4443.
Package hyperref Info: Link nesting OFF on input line 4448.
Package hyperref Info: Hyper index ON on input line 4451.
Package hyperref Info: Plain pages OFF on input line 4458.
Package hyperref Info: Backreferencing OFF on input line 4463.
Package hyperref Info: Implicit mode ON; LaTeX internals redefined.
Package hyperref Info: Bookmarks ON on input line 4688.
\c@Hy@tempcnt=\count129
LaTeX Info: Redefining \url on input line 5041.
\XeTeXLinkMargin=\dimen138
\Fld@menulength=\count130
\Field@Width=\dimen139
\Fld@charsize=\dimen140
Package hyperref Info: Hyper figures OFF on input line 6295.
Package hyperref Info: Link nesting OFF on input line 6300.
Package hyperref Info: Hyper index ON on input line 6303.
Package hyperref Info: backreferencing OFF on input line 6310.
Package hyperref Info: Link coloring OFF on input line 6315.
Package hyperref Info: Link coloring with OCG OFF on input line 6320.
Package hyperref Info: PDF/A mode OFF on input line 6325.
LaTeX Info: Redefining \ref on input line 6365.
LaTeX Info: Redefining \pageref on input line 6369.
\Hy@abspage=\count131
\c@Item=\count132
)

Package hyperref Message: Driver (autodetected): hpdftex.

(/usr/share/texlive/texmf-dist/tex/latex/hyperref/hpdftex.def
File: hpdftex.def 2012/11/06 v6.83m Hyperref driver for pdfTeX
\Fld@listcount=\count133
\c@bookmark@seq@number=\count134

(/usr/share/texlive/texmf-dist/tex/latex/oberdiek/rerunfilecheck.sty
Package: rerunfilecheck 2011/04/15 v1.7 Rerun checks for auxiliary files (HO)
Package uniquecounter Info: New unique counter `rerunfilecheck' on input line 2
82.
)
\Hy@SectionHShift=\skip104
)
Package hyperref Info: Option `colorlinks' set `true' on input line 38.
Package hyperref Info: Option `bookmarksnumbered' set `true' on input line 38.
)
\@input{usersetcommands.aux}
\openout2 = `usersetcommands.aux'.

(./usersetcommands.tex
\widthOfItem=\skip105
\c@theorem=\count135
\c@lemma=\count136
\c@corollary=\count137
\c@definition=\count138
\c@assumption=\count139
\c@proposition=\count140
\c@algorithm=\count141
) (./main.aux (./tex/acknowledgements.aux) (./tex/TOC.aux) (./tex/abstract.aux)
 (./tex/introduction.aux) (./tex/lhc-cms.aux)
(./tex/standard-model.aux) (./tex/chapter4.aux) (./tex/chapter5.aux)
(./tex/TwoOrMoreAppendices.aux

LaTeX Warning: Label `appendixB' multiply defined.

) (./bio.aux))
\openout1 = `main.aux'.

LaTeX Font Info:    Checking defaults for OML/cmm/m/it on input line 70.
LaTeX Font Info:    ... okay on input line 70.
LaTeX Font Info:    Checking defaults for T1/cmr/m/n on input line 70.
LaTeX Font Info:    ... okay on input line 70.
LaTeX Font Info:    Checking defaults for OT1/cmr/m/n on input line 70.
LaTeX Font Info:    ... okay on input line 70.
LaTeX Font Info:    Checking defaults for OMS/cmsy/m/n on input line 70.
LaTeX Font Info:    ... okay on input line 70.
LaTeX Font Info:    Checking defaults for OMX/cmex/m/n on input line 70.
LaTeX Font Info:    ... okay on input line 70.
LaTeX Font Info:    Checking defaults for U/cmr/m/n on input line 70.
LaTeX Font Info:    ... okay on input line 70.
LaTeX Font Info:    Checking defaults for PD1/pdf/m/n on input line 70.
LaTeX Font Info:    ... okay on input line 70.
 ABD: EverySelectfont initializing macros
LaTeX Info: Redefining \selectfont on input line 70.

**************************************
* Executing Begin Document Statement *
**************************************
(/usr/share/texlive/texmf-dist/tex/context/base/supp-pdf.mkii
[Loading MPS to PDF converter (version 2006.09.02).]
\scratchcounter=\count142
\scratchdimen=\dimen141
\scratchbox=\box36
\nofMPsegments=\count143
\nofMParguments=\count144
\everyMPshowfont=\toks31
\MPscratchCnt=\count145
\MPscratchDim=\dimen142
\MPnumerator=\count146
\makeMPintoPDFobject=\count147
\everyMPtoPDFconversion=\toks32
) (/usr/share/texlive/texmf-dist/tex/latex/oberdiek/epstopdf-base.sty
Package: epstopdf-base 2010/02/09 v2.5 Base part for package epstopdf

(/usr/share/texlive/texmf-dist/tex/latex/oberdiek/grfext.sty
Package: grfext 2010/08/19 v1.1 Manage graphics extensions (HO)
)
Package grfext Info: Graphics extension search list:
(grfext)             [.png,.pdf,.jpg,.mps,.jpeg,.jbig2,.jb2,.PNG,.PDF,.JPG,.JPE
G,.JBIG2,.JB2,.eps]
(grfext)             \AppendGraphicsExtensions on input line 452.

(/usr/share/texlive/texmf-dist/tex/latex/latexconfig/epstopdf-sys.cfg
File: epstopdf-sys.cfg 2010/07/13 v1.3 Configuration of (r)epstopdf for TeX Liv
e
))
\AtBeginShipoutBox=\box37

(/usr/share/texlive/texmf-dist/tex/latex/graphics/color.sty
Package: color 2016/01/03 v1.1b Standard LaTeX Color (DPC)

(/usr/share/texlive/texmf-dist/tex/latex/latexconfig/color.cfg
File: color.cfg 2007/01/18 v1.5 color configuration of teTeX/TeXLive
)
Package color Info: Driver file: pdftex.def on input line 143.
)
Package hyperref Info: Link coloring ON on input line 70.

(/usr/share/texlive/texmf-dist/tex/latex/hyperref/nameref.sty
Package: nameref 2012/10/27 v2.43 Cross-referencing by name of section

(/usr/share/texlive/texmf-dist/tex/generic/oberdiek/gettitlestring.sty
Package: gettitlestring 2010/12/03 v1.4 Cleanup title references (HO)
)
\c@section@level=\count148
)
LaTeX Info: Redefining \ref on input line 70.
LaTeX Info: Redefining \pageref on input line 70.
LaTeX Info: Redefining \nameref on input line 70.

(./main.out) (./main.out)
\@outlinefile=\write3
\openout3 = `main.out'.

 [1






{/var/lib/texmf/fonts/map/pdftex/updmap/pdftex.map}]
LaTeX Font Info:    Try loading font information for OMS+cmss on input line 114
.
LaTeX Font Info:    No file OMScmss.fd. on input line 114.


LaTeX Font Warning: Font shape `OMS/cmss/m/n' undefined
(Font)              using `OMS/cmsy/m/n' instead on input line 114.

[2


]
\openout2 = `tex/acknowledgements.aux'.

 (./tex/acknowledgements.tex

Package hyperref Warning: bookmark level for unknown extrachapter defaults to 0
.

[3




])
\openout2 = `tex/TOC.aux'.

 (./tex/TOC.tex (./main.toc
LaTeX Font Info:    Try loading font information for OT1+cmbr on input line 1.
LaTeX Font Info:    No file OT1cmbr.fd. on input line 1.


LaTeX Font Warning: Font shape `OT1/cmbr/m/n' undefined
(Font)              using `OT1/cmr/m/n' instead on input line 1.

LaTeX Font Info:    Try loading font information for U+msa on input line 1.
(/usr/share/texlive/texmf-dist/tex/latex/amsfonts/umsa.fd
File: umsa.fd 2013/01/14 v3.01 AMS symbols A
)
LaTeX Font Info:    Try loading font information for U+msb on input line 1.

(/usr/share/texlive/texmf-dist/tex/latex/amsfonts/umsb.fd
File: umsb.fd 2013/01/14 v3.01 AMS symbols B
)

LaTeX Font Warning: Font shape `OT1/cmbr/m/sl' undefined
(Font)              using `OT1/cmbr/m/n' instead on input line 1.

LaTeX Font Info:    Try loading font information for U+lasy on input line 1.
(/usr/share/texlive/texmf-dist/tex/latex/base/ulasy.fd
File: ulasy.fd 1998/08/17 v2.2e LaTeX symbol font definitions
) [4





])
\tf@toc=\write4
\openout4 = `main.toc'.

 [5] (./main.lot)
\tf@lot=\write5
\openout5 = `main.lot'.


[6



] (./main.lof

Package natbib Warning: Citation `cernaccelcomplex' on page 7 undefined on inpu
t line 1.


Package natbib Warning: Citation `cmsweb' on page 7 undefined on input line 2.


Package natbib Warning: Citation `cmsweb' on page 7 undefined on input line 4.


Package natbib Warning: Citation `muonsys' on page 7 undefined on input line 5.



Package natbib Warning: Citation `mutdr' on page 7 undefined on input line 6.


Package natbib Warning: Citation `mutdr' on page 7 undefined on input line 7.


Package natbib Warning: Citation `cmsexp' on page 7 undefined on input line 8.


Overfull \hbox (11.77641pt too wide) in paragraph at lines 10--10
 \OT1/cmss/m/n/12 and this is a third order diagram. Two vertices involve the s
trong force and one vertex 
 []


Package natbib Warning: Citation `crossbranchplots' on page 7 undefined on inpu
t line 11.


Package natbib Warning: Citation `crossbranchplots' on page 7 undefined on inpu
t line 12.

)
\tf@lof=\write6
\openout6 = `main.lof'.

 [7



])
\openout2 = `tex/abstract.aux'.

 (./tex/abstract.tex [8




])
\openout2 = `tex/introduction.aux'.

 (./tex/introduction.tex
***************************
CHAPTER 1.
***************************

Package hyperref Warning: Token not allowed in a PDF string (PDFDocEncoding):
(hyperref)                removing `\uppercase' on input line 1.


Package natbib Warning: Citation `atlasdiscovery' on page 9 undefined on input 
line 3.


Package natbib Warning: Citation `cmsdiscovery2012' on page 9 undefined on inpu
t line 3.


Package natbib Warning: Citation `cmsdiscovery2013' on page 9 undefined on inpu
t line 3.


Package natbib Warning: Citation `cmshiggstau' on page 9 undefined on input lin
e 3.


Package natbib Warning: Citation `cmshiggsbb' on page 9 undefined on input line
 3.


Package natbib Warning: Citation `cmshiggsferm' on page 9 undefined on input li
ne 3.


Package natbib Warning: Citation `atlashiggsbb' on page 9 undefined on input li
ne 3.


Package natbib Warning: Citation `smallestbranch1' on page 9 undefined on input
 line 5.


Package natbib Warning: Citation `smallestbranch2' on page 9 undefined on input
 line 5.

[9




]) [10]
\openout2 = `tex/lhc-cms.aux'.

 (./tex/lhc-cms.tex
***************************
CHAPTER 2.
***************************

Package hyperref Warning: Token not allowed in a PDF string (PDFDocEncoding):
(hyperref)                removing `\uppercase' on input line 1.


Package natbib Warning: Citation `LHC' on page 11 undefined on input line 4.

<images/cern_accel_complex.png, id=300, 1040.688pt x 735.7086pt>
File: images/cern_accel_complex.png Graphic file (type png)

<use images/cern_accel_complex.png>
Package pdftex.def Info: images/cern_accel_complex.png used on input line 15.
(pdftex.def)             Requested size: 433.62pt x 306.54823pt.


Package natbib Warning: Citation `cernaccelcomplex' on page 11 undefined on inp
ut line 17.


LaTeX Warning: `!h' float specifier changed to `!ht'.

[11



] [12 <./images/cern_accel_complex.png>]

Package natbib Warning: Citation `cmscollab' on page 13 undefined on input line
 27.

<images/CMSdetc3D.jpg, id=310, 659.46375pt x 460.72125pt>
File: images/CMSdetc3D.jpg Graphic file (type jpg)

<use images/CMSdetc3D.jpg>
Package pdftex.def Info: images/CMSdetc3D.jpg used on input line 31.
(pdftex.def)             Requested size: 289.07999pt x 201.96576pt.


Package natbib Warning: Citation `cmsweb' on page 13 undefined on input line 33
.


Package natbib Warning: Citation `tdr' on page 13 undefined on input line 37.


Underfull \hbox (badness 10000) in paragraph at lines 37--37
[][]\OT1/cmss/m/n/12 When a quark or gluon is created it can't exist alone, sin
ce it has color charge, and pulls
 []


Underfull \hbox (badness 10000) in paragraph at lines 37--37
\OT1/cmss/m/n/12 other quarks from the vacuum creating a tight cone of composit
e colorless particles as well as
 []

[13 <./images/CMSdetc3D.jpg>]

Package natbib Warning: Citation `pdgreview' on page 14 undefined on input line
 40.

<images/sagitta.png, id=317, 373.395pt x 249.93375pt>
File: images/sagitta.png Graphic file (type png)
 <use images/sagitta.png>
Package pdftex.def Info: images/sagitta.png used on input line 50.
(pdftex.def)             Requested size: 216.81pt x 145.12184pt.


LaTeX Warning: `!h' float specifier changed to `!ht'.


Underfull \hbox (badness 10000) in paragraph at lines 62--62
[][]\OT1/cmss/m/n/12 the length scale over which an electron deposits a substan
tial amount of energy into the
 []


Underfull \hbox (badness 10000) in paragraph at lines 62--62
[][]\OT1/cmss/m/n/12 Vertex is shorthand for the location of the collision or d
ecay that produced a set of
 []

[14] [15 <./images/sagitta.png>]
<images/cms_slice.jpg, id=329, 888.31876pt x 451.6875pt>
File: images/cms_slice.jpg Graphic file (type jpg)

<use images/cms_slice.jpg>
Package pdftex.def Info: images/cms_slice.jpg used on input line 69.
(pdftex.def)             Requested size: 289.07999pt x 146.98967pt.


Package natbib Warning: Citation `cmsweb' on page 16 undefined on input line 71
.

[16 <./images/cms_slice.jpg>]

Package natbib Warning: Citation `pdgreview' on page 17 undefined on input line
 77.


Package natbib Warning: Citation `tdr' on page 17 undefined on input line 88.

[17] <images/muon_system.png, id=340, 1150.2975pt x 717.68124pt>
File: images/muon_system.png Graphic file (type png)

<use images/muon_system.png>
Package pdftex.def Info: images/muon_system.png used on input line 92.
(pdftex.def)             Requested size: 397.48499pt x 247.99452pt.


Package natbib Warning: Citation `muonsys' on page 18 undefined on input line 9
4.

[18 <./images/muon_system.png>]
<images/DT.png, id=346, 1050.92625pt x 354.32375pt>
File: images/DT.png Graphic file (type png)
 <use images/DT.png>
Package pdftex.def Info: images/DT.png used on input line 106.
(pdftex.def)             Requested size: 289.07999pt x 97.46365pt.


Package natbib Warning: Citation `mutdr' on page 19 undefined on input line 108
.

<images/CSC.png, id=347, 930.47626pt x 628.3475pt>
File: images/CSC.png Graphic file (type png)
 <use images/CSC.png>
Package pdftex.def Info: images/CSC.png used on input line 120.
(pdftex.def)             Requested size: 289.07999pt x 195.20757pt.


Package natbib Warning: Citation `mutdr' on page 19 undefined on input line 122
.


LaTeX Warning: `!h' float specifier changed to `!ht'.


Package natbib Warning: Citation `cmsexp' on page 19 undefined on input line 13
0.

[19 <./images/DT.png>]

Package natbib Warning: Citation `cmsexp' on page 20 undefined on input line 13
5.

[20 <./images/CSC.png>]
<images/L1_Trigger.png, id=357, 894.34125pt x 443.6575pt>
File: images/L1_Trigger.png Graphic file (type png)

<use images/L1_Trigger.png>
Package pdftex.def Info: images/L1_Trigger.png used on input line 145.
(pdftex.def)             Requested size: 361.34999pt x 179.26057pt.


Package natbib Warning: Citation `cmsexp' on page 21 undefined on input line 14
7.


LaTeX Warning: `!h' float specifier changed to `!ht'.

) [21] [22 <./images/L1_Trigger.png>]
\openout2 = `tex/standard-model.aux'.

 (./tex/standard-model.tex
***************************
CHAPTER 3.
***************************

Package hyperref Warning: Token not allowed in a PDF string (PDFDocEncoding):
(hyperref)                removing `\uppercase' on input line 1.


Package natbib Warning: Citation `smconsistency' on page 23 undefined on input 
line 3.


<images/Standard_Model_of_Elementary_Particles.png, id=366, 657.657pt x 493.845
pt>
File: images/Standard_Model_of_Elementary_Particles.png Graphic file (type png)

 <use images/Standard_Model_of_Elementary_Particles.png>
Package pdftex.def Info: images/Standard_Model_of_Elementary_Particles.png used
 on input line 7.
(pdftex.def)             Requested size: 289.07999pt x 217.08147pt.


LaTeX Warning: `!h' float specifier changed to `!ht'.


Underfull \hbox (badness 10000) in paragraph at lines 13--13
[][]\OT1/cmss/m/n/12 Gravity is just included for perspective. The Standard Mod
el does not describe this force
 []

[23



]

Package natbib Warning: Citation `tdr' on page 24 undefined on input line 15.

[24 <./images/Standard_Model_of_Elementary_Particles.png>] [25] [26] [27]
[28] [29] [30] [31] [32]
Underfull \hbox (badness 10000) in paragraph at lines 265--265
[][]\OT1/cmss/m/n/12 The Lie Bracket defines the multiplication for a Lie Algeb
ra and this reduces to the
 []


Underfull \hbox (badness 10000) in paragraph at lines 265--265
\OT1/cmss/m/n/12 commutator for Lie groups of matrices like SO(3). Notice that 
using the commutator below
 []


Overfull \hbox (1.80127pt too wide) in paragraph at lines 270--271
[]\OT1/cmss/m/n/12 Finding 3x3 generators that obey the algebra and then repeat
edly applying the infinitesimal 
 []

[33]
Overfull \hbox (2.55142pt too wide) in paragraph at lines 305--306
\OT1/cmss/m/n/12 defined by the mathematical equation below, where the $\OT1/cm
br/m/n/12 ^^C$ \OT1/cmss/m/n/12 matrices represent the rotation/boost 
 []

[34] [35] [36] <images/ggf.png, id=468, 356.33125pt x 229.85875pt>
File: images/ggf.png Graphic file (type png)

<use images/ggf.png>
Package pdftex.def Info: images/ggf.png used on input line 489.
(pdftex.def)             Requested size: 108.405pt x 69.92618pt.


LaTeX Warning: `!h' float specifier changed to `!ht'.

[37] <images/14TeV_higgs_cross_sections.png, id=478, 569.0058pt x 409.0482pt>
File: images/14TeV_higgs_cross_sections.png Graphic file (type png)

<use images/14TeV_higgs_cross_sections.png>
Package pdftex.def Info: images/14TeV_higgs_cross_sections.png used on input li
ne 506.
(pdftex.def)             Requested size: 361.34999pt x 259.76768pt.


Package natbib Warning: Citation `crossbranchplots' on page 38 undefined on inp
ut line 508.


LaTeX Warning: `!h' float specifier changed to `!ht'.

[38 <./images/ggf.png>] <images/Higgs_BR.png, id=483, 569.12625pt x 546.04pt>
File: images/Higgs_BR.png Graphic file (type png)

<use images/Higgs_BR.png>
Package pdftex.def Info: images/Higgs_BR.png used on input line 518.
(pdftex.def)             Requested size: 216.81pt x 208.01393pt.


Package natbib Warning: Citation `crossbranchplots' on page 39 undefined on inp
ut line 535.


LaTeX Warning: `!h' float specifier changed to `!ht'.


Underfull \hbox (badness 10000) in paragraph at lines 539--539
[][]\OT1/cmss/m/n/12 The Higgs also couples to the electron and the first gener
ation quarks but the masses are
 []

<images/higgs_production_modes.png, id=485, 559.8516pt x 414.348pt>
File: images/higgs_production_modes.png Graphic file (type png)

<use images/higgs_production_modes.png>
Package pdftex.def Info: images/higgs_production_modes.png used on input line 5
42.
(pdftex.def)             Requested size: 289.07999pt x 213.95113pt.


LaTeX Warning: `!h' float specifier changed to `!ht'.


Package natbib Warning: Citation `crossbranchplots' on page 39 undefined on inp
ut line 548.

[39 <./images/14TeV_higgs_cross_sections.png (PNG copy)>]

LaTeX Warning: Text page 40 contains only floats.

[40 <./images/Higgs_BR.png> <./images/higgs_production_modes.png>]
<images/qg_scattering.png, id=496, 314.17375pt x 215.80624pt>
File: images/qg_scattering.png Graphic file (type png)

<use images/qg_scattering.png>
Package pdftex.def Info: images/qg_scattering.png used on input line 554.
(pdftex.def)             Requested size: 144.54pt x 99.28195pt.
) [41 <./images/qg_scattering.png>]
\openout2 = `tex/chapter4.aux'.


(./tex/chapter4.tex
***************************
CHAPTER 4.
***************************

Package hyperref Warning: Token not allowed in a PDF string (PDFDocEncoding):
(hyperref)                removing `\uppercase' on input line 1.


LaTeX Font Warning: Font shape `OT1/cmss/m/it' in size <12> not available
(Font)              Font shape `OT1/cmss/m/sl' tried instead on input line 6.

Missing character: There is no â in font cmssi12!
Missing character: There is no € in font cmssi12!
Missing character: There is no ™ in font cmssi12!

LaTeX Font Warning: Font shape `OT1/cmss/m/it' in size <10> not available
(Font)              Font shape `OT1/cmss/m/sl' tried instead on input line 12.


LaTeX Font Warning: Font shape `OT1/cmss/bx/it' undefined
(Font)              using `OT1/cmss/bx/n' instead on input line 12.


LaTeX Font Warning: Font shape `OT1/cmss/m/sc' in size <12> not available
(Font)              Font shape `OT1/cmr/m/sc' tried instead on input line 12.

[42



] [43] [44]

LaTeX Warning: Reference `first' on page 45 undefined on input line 123.

[45]) [46]
\openout2 = `tex/chapter5.aux'.

 (./tex/chapter5.tex
***************************
CHAPTER 5.
***************************

Package hyperref Warning: Token not allowed in a PDF string (PDFDocEncoding):
(hyperref)                removing `\uppercase' on input line 1.

) [47



]
\openout2 = `tex/TwoOrMoreAppendices.aux'.

 (./tex/TwoOrMoreAppendices.tex (./tex/appendixA.tex
***************************
APPENDIX A.
***************************

Package hyperref Warning: Token not allowed in a PDF string (PDFDocEncoding):
(hyperref)                removing `\uppercase' on input line 4.

) (./tex/appendixB.tex [48



]
***************************
APPENDIX B.
***************************

Package hyperref Warning: Token not allowed in a PDF string (PDFDocEncoding):
(hyperref)                removing `\uppercase' on input line 1.

[49

]
Package epstopdf Info: Source file: <images/LaTeX2e_logo.eps>
(epstopdf)                    date: 2014-09-04 12:14:40
(epstopdf)                    size: 48715 bytes
(epstopdf)             Output file: <images/LaTeX2e_logo-eps-converted-to.pdf>
(epstopdf)                    date: 2017-05-22 12:17:54
(epstopdf)                    size: 13750 bytes
(epstopdf)             Command: <repstopdf --outfile=images/LaTeX2e_logo-eps-co
nverted-to.pdf images/LaTeX2e_logo.eps>
(epstopdf)             \includegraphics on input line 10.
Package epstopdf Info: Output file is already uptodate.

<images/LaTeX2e_logo-eps-converted-to.pdf, id=545, 701.62125pt x 214.8025pt>
File: images/LaTeX2e_logo-eps-converted-to.pdf Graphic file (type pdf)

<use images/LaTeX2e_logo-eps-converted-to.pdf>
Package pdftex.def Info: images/LaTeX2e_logo-eps-converted-to.pdf used on input
 line 10.
(pdftex.def)             Requested size: 433.62pt x 132.75664pt.
 [50 <./images/LaTeX2e_logo-eps-converted-to.pdf>] [51



]) (./tex/appendixC.tex [52]
***************************
APPENDIX C.
***************************

Package hyperref Warning: Token not allowed in a PDF string (PDFDocEncoding):
(hyperref)                removing `\uppercase' on input line 1.


Package hyperref Warning: Token not allowed in a PDF string (PDFDocEncoding):
(hyperref)                removing `math shift' on input line 1.


Package hyperref Warning: Token not allowed in a PDF string (PDFDocEncoding):
(hyperref)                removing `\Upsilon' on input line 1.


Package hyperref Warning: Token not allowed in a PDF string (PDFDocEncoding):
(hyperref)                removing `math shift' on input line 1.

[53

] [54] [55]

LaTeX Warning: Reference `first' on page 56 undefined on input line 111.

) (./tex/appendixD.tex [56]
***************************
APPENDIX D.
***************************

Package hyperref Warning: Token not allowed in a PDF string (PDFDocEncoding):
(hyperref)                removing `\uppercase' on input line 1.


Package hyperref Warning: Token not allowed in a PDF string (PDFDocEncoding):
(hyperref)                removing `math shift' on input line 1.


Package hyperref Warning: Token not allowed in a PDF string (PDFDocEncoding):
(hyperref)                removing `\Upsilon' on input line 1.


Package hyperref Warning: Token not allowed in a PDF string (PDFDocEncoding):
(hyperref)                removing `math shift' on input line 1.

[57

] [58] [59])) [60] (./main.bbl [61



])
\openout2 = `bio.aux'.

 (./bio.tex [62




])

Package natbib Warning: There were undefined citations.

Package atveryend Info: Empty hook `BeforeClearDocument' on input line 194.
Package atveryend Info: Empty hook `AfterLastShipout' on input line 194.
(./main.aux (./tex/acknowledgements.aux) (./tex/TOC.aux) (./tex/abstract.aux)
(./tex/introduction.aux) (./tex/lhc-cms.aux) (./tex/standard-model.aux)
(./tex/chapter4.aux) (./tex/chapter5.aux) (./tex/TwoOrMoreAppendices.aux)
(./bio.aux))
Package atveryend Info: Executing hook `AtVeryEndDocument' on input line 194.
Package atveryend Info: Executing hook `AtEndAfterFileList' on input line 194.
Package rerunfilecheck Info: File `main.out' has not changed.
(rerunfilecheck)             Checksum: 2E85A84714DEB1E6D7B9A86BC393C533;2943.


LaTeX Font Warning: Some font shapes were not available, defaults substituted.


LaTeX Warning: There were undefined references.


LaTeX Warning: There were multiply-defined labels.

Package atveryend Info: Empty hook `AtVeryVeryEnd' on input line 194.
 ) 
Here is how much of TeX's memory you used:
 8840 strings out of 494954
 127037 string characters out of 6181003
 224259 words of memory out of 5000000
 11676 multiletter control sequences out of 15000+600000
 12181 words of font info for 48 fonts, out of 8000000 for 9000
 14 hyphenation exceptions out of 8191
 39i,21n,42p,1669b,481s stack positions out of 5000i,500n,10000p,200000b,80000s
</usr/share/texlive/texmf-dist/fonts/type1/public/amsfonts/cm/cmcsc10.pfb></u
sr/share/texlive/texmf-dist/fonts/type1/public/amsfonts/cm/cmex10.pfb></usr/sha
re/texlive/texmf-dist/fonts/type1/public/amsfonts/cmextra/cmex8.pfb></usr/share
/texlive/texmf-dist/fonts/type1/public/amsfonts/cm/cmmi12.pfb></usr/share/texli
ve/texmf-dist/fonts/type1/public/amsfonts/cm/cmmi6.pfb></usr/share/texlive/texm
f-dist/fonts/type1/public/amsfonts/cm/cmmi8.pfb></usr/share/texlive/texmf-dist/
fonts/type1/public/amsfonts/cm/cmr12.pfb></usr/share/texlive/texmf-dist/fonts/t
ype1/public/amsfonts/cm/cmr6.pfb></usr/share/texlive/texmf-dist/fonts/type1/pub
lic/amsfonts/cm/cmr8.pfb></usr/share/texlive/texmf-dist/fonts/type1/public/amsf
onts/cm/cmss12.pfb></usr/share/texlive/texmf-dist/fonts/type1/public/amsfonts/c
m/cmss8.pfb></usr/share/texlive/texmf-dist/fonts/type1/public/amsfonts/cm/cmssb
x10.pfb></usr/share/texlive/texmf-dist/fonts/type1/public/amsfonts/cm/cmssi10.p
fb></usr/share/texlive/texmf-dist/fonts/type1/public/amsfonts/cm/cmssi12.pfb></
usr/share/texlive/texmf-dist/fonts/type1/public/amsfonts/cm/cmsy10.pfb></usr/sh
are/texlive/texmf-dist/fonts/type1/public/amsfonts/cm/cmsy8.pfb>
Output written on main.pdf (62 pages, 2236314 bytes).
PDF statistics:
 702 PDF objects out of 1000 (max. 8388607)
 597 compressed objects within 6 object streams
 176 named destinations out of 1000 (max. 500000)
 404 words of extra memory for PDF output out of 10000 (max. 10000000)

